<?xml version="1.0" encoding="UTF-8"?>
<testng-results skipped="0" failed="0" ignored="0" total="1" passed="1">
  <reporter-output>
  </reporter-output>
  <suite name="Default suite" duration-ms="2606" started-at="2019-09-23T22:45:03Z" finished-at="2019-09-23T22:45:05Z">
    <groups>
    </groups>
    <test name="Default test" duration-ms="2606" started-at="2019-09-23T22:45:03Z" finished-at="2019-09-23T22:45:05Z">
      <class name="Day1.BasicAuthentication">
        <test-method status="PASS" signature="beforeClass()[pri:0, instance:Day1.BasicAuthentication@2a5ca609]" name="beforeClass" is-config="true" duration-ms="347" started-at="2019-09-23T15:45:03Z" finished-at="2019-09-23T15:45:03Z">
          <reporter-output>
          </reporter-output>
        </test-method> <!-- beforeClass -->
        <test-method status="PASS" signature="preemptiveAuthentication()[pri:0, instance:Day1.BasicAuthentication@2a5ca609]" name="preemptiveAuthentication" duration-ms="2237" started-at="2019-09-23T15:45:03Z" finished-at="2019-09-23T15:45:05Z">
          <reporter-output>
          </reporter-output>
        </test-method> <!-- preemptiveAuthentication -->
      </class> <!-- Day1.BasicAuthentication -->
    </test> <!-- Default test -->
  </suite> <!-- Default suite -->
</testng-results>
